Started GET "/" for ::1 at 2016-07-20 16:27:04 +0900
Processing by Rails::WelcomeController#index as HTML
  Parameters: {"internal"=>true}
  Rendering /Users/cubic/.rbenv/versions/2.3.0/lib/ruby/gems/2.3.0/gems/railties-5.0.0/lib/rails/templates/rails/welcome/index.html.erb
  Rendered /Users/cubic/.rbenv/versions/2.3.0/lib/ruby/gems/2.3.0/gems/railties-5.0.0/lib/rails/templates/rails/welcome/index.html.erb (5.2ms)
Completed 200 OK in 28ms (Views: 14.7ms | ActiveRecord: 0.0ms)


Started GET "/" for ::1 at 2016-07-20 16:27:07 +0900
Processing by Rails::WelcomeController#index as HTML
  Parameters: {"internal"=>true}
  Rendering /Users/cubic/.rbenv/versions/2.3.0/lib/ruby/gems/2.3.0/gems/railties-5.0.0/lib/rails/templates/rails/welcome/index.html.erb
  Rendered /Users/cubic/.rbenv/versions/2.3.0/lib/ruby/gems/2.3.0/gems/railties-5.0.0/lib/rails/templates/rails/welcome/index.html.erb (3.8ms)
Completed 200 OK in 9ms (Views: 6.1ms | ActiveRecord: 0.0ms)


Started GET "/" for ::1 at 2016-07-20 16:27:09 +0900
Processing by Rails::WelcomeController#index as HTML
  Parameters: {"internal"=>true}
  Rendering /Users/cubic/.rbenv/versions/2.3.0/lib/ruby/gems/2.3.0/gems/railties-5.0.0/lib/rails/templates/rails/welcome/index.html.erb
  Rendered /Users/cubic/.rbenv/versions/2.3.0/lib/ruby/gems/2.3.0/gems/railties-5.0.0/lib/rails/templates/rails/welcome/index.html.erb (3.4ms)
Completed 200 OK in 12ms (Views: 7.4ms | ActiveRecord: 0.0ms)


Started GET "/" for ::1 at 2016-07-20 16:28:24 +0900
Processing by Rails::WelcomeController#index as HTML
  Parameters: {"internal"=>true}
  Rendering /Users/cubic/.rbenv/versions/2.3.0/lib/ruby/gems/2.3.0/gems/railties-5.0.0/lib/rails/templates/rails/welcome/index.html.erb
  Rendered /Users/cubic/.rbenv/versions/2.3.0/lib/ruby/gems/2.3.0/gems/railties-5.0.0/lib/rails/templates/rails/welcome/index.html.erb (3.5ms)
Completed 200 OK in 9ms (Views: 5.8ms | ActiveRecord: 0.0ms)


Started GET "/" for ::1 at 2016-07-20 16:28:26 +0900
Processing by Rails::WelcomeController#index as HTML
  Parameters: {"internal"=>true}
  Rendering /Users/cubic/.rbenv/versions/2.3.0/lib/ruby/gems/2.3.0/gems/railties-5.0.0/lib/rails/templates/rails/welcome/index.html.erb
  Rendered /Users/cubic/.rbenv/versions/2.3.0/lib/ruby/gems/2.3.0/gems/railties-5.0.0/lib/rails/templates/rails/welcome/index.html.erb (3.7ms)
Completed 200 OK in 9ms (Views: 6.3ms | ActiveRecord: 0.0ms)


Started GET "/static_pages/home" for ::1 at 2016-07-20 16:28:30 +0900
Processing by StaticPagesController#home as HTML
  Rendering static_pages/home.html.erb within layouts/application
  Rendered static_pages/home.html.erb within layouts/application (0.4ms)
Completed 200 OK in 633ms (Views: 629.4ms | ActiveRecord: 0.0ms)


